<?xml version="1.0" encoding="UTF-8"?>
<testng-results skipped="0" failed="0" total="1" passed="1">
  <reporter-output>
  </reporter-output>
  <suite name="Suite" duration-ms="32344" started-at="2012-10-10T13:56:07Z" finished-at="2012-10-10T13:56:40Z">
    <groups>
    </groups>
    <test name="Test" duration-ms="32344" started-at="2012-10-10T13:56:07Z" finished-at="2012-10-10T13:56:40Z">
      <class name="com.gopromis.ScriptTest">
        <test-method status="PASS" signature="setUp()[pri:0, instance:com.gopromis.ScriptTest@5e3974]" name="setUp" is-config="true" duration-ms="12612" started-at="2012-10-10T19:25:55Z" finished-at="2012-10-10T19:26:07Z">
          <reporter-output>
          </reporter-output>
        </test-method> <!-- setUp -->
        <test-method status="PASS" signature="createEntityTest()[pri:0, instance:com.gopromis.ScriptTest@5e3974]" name="createEntityTest" duration-ms="32315" started-at="2012-10-10T19:26:07Z" description="Create New Entity" finished-at="2012-10-10T19:26:40Z">
          <reporter-output>
          </reporter-output>
        </test-method> <!-- createEntityTest -->
        <test-method status="PASS" signature="tearDown()[pri:0, instance:com.gopromis.ScriptTest@5e3974]" name="tearDown" is-config="true" duration-ms="448" started-at="2012-10-10T19:26:40Z" finished-at="2012-10-10T19:26:40Z">
          <reporter-output>
          </reporter-output>
        </test-method> <!-- tearDown -->
      </class> <!-- com.gopromis.ScriptTest -->
    </test> <!-- Test -->
  </suite> <!-- Suite -->
</testng-results>
