<?xml version="1.0" encoding="UTF-8"?>
<testng-results skipped="0" failed="0" total="1" passed="1">
  <reporter-output>
  </reporter-output>
  <suite name="Suite" duration-ms="46881" started-at="2012-10-19T12:41:40Z" finished-at="2012-10-19T12:42:27Z">
    <groups>
    </groups>
    <test name="Test" duration-ms="46881" started-at="2012-10-19T12:41:40Z" finished-at="2012-10-19T12:42:27Z">
      <class name="com.gopromis.ScriptTest">
        <test-method status="PASS" signature="setUp()[pri:0, instance:com.gopromis.ScriptTest@5e3974]" name="setUp" is-config="true" duration-ms="11024" started-at="2012-10-19T18:11:29Z" finished-at="2012-10-19T18:11:40Z">
          <reporter-output>
          </reporter-output>
        </test-method> <!-- setUp -->
        <test-method status="PASS" signature="searchEntityTest()[pri:0, instance:com.gopromis.ScriptTest@5e3974]" name="searchEntityTest" duration-ms="46859" started-at="2012-10-19T18:11:40Z" description="Search Entity" finished-at="2012-10-19T18:12:27Z">
          <reporter-output>
          </reporter-output>
        </test-method> <!-- searchEntityTest -->
        <test-method status="PASS" signature="tearDown()[pri:0, instance:com.gopromis.ScriptTest@5e3974]" name="tearDown" is-config="true" duration-ms="287" started-at="2012-10-19T18:12:27Z" finished-at="2012-10-19T18:12:27Z">
          <reporter-output>
          </reporter-output>
        </test-method> <!-- tearDown -->
      </class> <!-- com.gopromis.ScriptTest -->
    </test> <!-- Test -->
  </suite> <!-- Suite -->
</testng-results>
